<?xml version="1.0" encoding="UTF-8"?>
<coverage generated="1685095053805" clover="3.2.0">
  <project timestamp="1685095053805" name="All files">
    <metrics statements="8" coveredstatements="6" conditionals="5" coveredconditionals="1" methods="4" coveredmethods="1" elements="17" coveredelements="8" complexity="0" loc="8" ncloc="8" packages="1" files="1" classes="1"/>
    <file name="useCounter.js" path="C:\Users\jony_\Desktop\Curso-React-Avanzado\5 - hook-app - useReducer\src\hooks\useCounter.js">
      <metrics statements="8" coveredstatements="6" conditionals="5" coveredconditionals="1" methods="4" coveredmethods="1"/>
      <line num="3" count="1" type="cond" truecount="1" falsecount="0"/>
      <line num="4" count="1" type="stmt"/>
      <line num="6" count="1" type="cond" truecount="0" falsecount="1"/>
      <line num="7" count="1" type="cond" truecount="0" falsecount="1"/>
      <line num="8" count="0" type="cond" truecount="0" falsecount="2"/>
      <line num="9" count="0" type="stmt"/>
      <line num="11" count="1" type="stmt"/>
      <line num="14" count="1" type="stmt"/>
    </file>
  </project>
</coverage>
