{"C:\\Users\\jony_\\Desktop\\Curso-React-Avanzado\\5 - hook-app - useReducer\\src\\hooks\\useCounter.js": {"path":"C:\\Users\\jony_\\Desktop\\Curso-React-Avanzado\\5 - hook-app - useReducer\\src\\hooks\\useCounter.js","statementMap":{"0":{"start":{"line":3,"column":26},"end":{"line":20,"column":1}},"1":{"start":{"line":4,"column":32},"end":{"line":4,"column":54}},"2":{"start":{"line":6,"column":20},"end":{"line":6,"column":62}},"3":{"start":{"line":6,"column":35},"end":{"line":6,"column":62}},"4":{"start":{"line":7,"column":20},"end":{"line":10,"column":3}},"5":{"start":{"line":8,"column":4},"end":{"line":8,"column":30}},"6":{"start":{"line":8,"column":23},"end":{"line":8,"column":30}},"7":{"start":{"line":9,"column":4},"end":{"line":9,"column":32}},"8":{"start":{"line":11,"column":16},"end":{"line":11,"column":46}},"9":{"start":{"line":11,"column":22},"end":{"line":11,"column":46}},"10":{"start":{"line":14,"column":2},"end":{"line":19,"column":4}}},"fnMap":{"0":{"name":"(anonymous_0)","decl":{"start":{"line":3,"column":26},"end":{"line":3,"column":27}},"loc":{"start":{"line":3,"column":49},"end":{"line":20,"column":1}},"line":3},"1":{"name":"(anonymous_1)","decl":{"start":{"line":6,"column":20},"end":{"line":6,"column":21}},"loc":{"start":{"line":6,"column":35},"end":{"line":6,"column":62}},"line":6},"2":{"name":"(anonymous_2)","decl":{"start":{"line":7,"column":20},"end":{"line":7,"column":21}},"loc":{"start":{"line":7,"column":35},"end":{"line":10,"column":3}},"line":7},"3":{"name":"(anonymous_3)","decl":{"start":{"line":11,"column":16},"end":{"line":11,"column":17}},"loc":{"start":{"line":11,"column":22},"end":{"line":11,"column":46}},"line":11}},"branchMap":{"0":{"loc":{"start":{"line":3,"column":27},"end":{"line":3,"column":44}},"type":"default-arg","locations":[{"start":{"line":3,"column":42},"end":{"line":3,"column":44}}],"line":3},"1":{"loc":{"start":{"line":6,"column":21},"end":{"line":6,"column":30}},"type":"default-arg","locations":[{"start":{"line":6,"column":29},"end":{"line":6,"column":30}}],"line":6},"2":{"loc":{"start":{"line":7,"column":21},"end":{"line":7,"column":30}},"type":"default-arg","locations":[{"start":{"line":7,"column":29},"end":{"line":7,"column":30}}],"line":7},"3":{"loc":{"start":{"line":8,"column":4},"end":{"line":8,"column":30}},"type":"if","locations":[{"start":{"line":8,"column":4},"end":{"line":8,"column":30}},{"start":{},"end":{}}],"line":8}},"s":{"0":1,"1":1,"2":1,"3":0,"4":1,"5":0,"6":0,"7":0,"8":1,"9":0,"10":1},"f":{"0":1,"1":0,"2":0,"3":0},"b":{"0":[1],"1":[0],"2":[0],"3":[0,0]},"_coverageSchema":"1a1c01bbd47fc00a2c39e90264f33305004495a9","hash":"b4693b1fb4d4051278b1208d10a2795840c28c33"}
}
